<?xml version="1.0" encoding="UTF-8"?>
<!-- Generated by org.testng.reporters.JUnitReportReporter -->
<testsuite hostname="Raghavndr" failures="0" tests="1" name="Com.QA.Admin_area_Demo.TestCases.TC_003" time="18.826" errors="0" timestamp="2023-01-29T21:59:12 IST" skipped="0">
  <testcase classname="Com.QA.Admin_area_Demo.TestCases.TC_003" name="tc_003" time="18.826"/>
  <system-out/>
</testsuite> <!-- Com.QA.Admin_area_Demo.TestCases.TC_003 -->
