<?xml version="1.0" encoding="UTF-8"?>
<!-- Generated by org.testng.reporters.JUnitReportReporter -->
<testsuite hostname="Raghavndr" failures="0" tests="1" name="Com.QA.Admin_area_Demo.TestCases.TC_002" time="25.247" errors="0" timestamp="2023-01-28T19:18:15 IST" skipped="0">
  <testcase classname="Com.QA.Admin_area_Demo.TestCases.TC_002" name="tc_002" time="25.247"/>
  <system-out/>
</testsuite> <!-- Com.QA.Admin_area_Demo.TestCases.TC_002 -->
